<?xml version="1.0" encoding="UTF-8" ?>
<testsuite failures="1" time="0.765" errors="0" skipped="32" tests="33" name="TestSuite">
  <properties>
[...]
</properties>
  <testcase time="0" classname="LRS2_0.runTests" name="initTest">
    <failure type="java.lang.NumberFormatException:">java.lang.NumberFormatException: null
	at java.lang.Long.parseLong(Long.java:404)
	at java.lang.Long.parseLong(Long.java:483)
	at LRS2_0.Reader.setlongWaitTime(Reader.java:426)
	at LRS2_0.Reader.timeouts(Reader.java:617)
	at LRS2_0.Reader.&lt;init&gt;(Reader.java:321)
	at LRS2_0.runTests.initTest(runTests.java:29)
</failure>
    <system-out>inside @BeforeMethod
</system-out>
    <system-err>java.io.FileNotFoundException: loginCredentials.properties (No such file or directory)
	at java.io.FileInputStream.open(Native Method)
	at java.io.FileInputStream.&lt;init&gt;(FileInputStream.java:146)
	at java.io.FileInputStream.&lt;init&gt;(FileInputStream.java:101)
	at LRS2_0.Reader.logincredentials(Reader.java:629)
	at LRS2_0.Reader.&lt;init&gt;(Reader.java:320)
	at LRS2_0.runTests.initTest(runTests.java:29)
	at sun.reflect.NativeMethodAccessorImpl.invoke0(Native Method)
	at sun.reflect.NativeMethodAccessorImpl.invoke(NativeMethodAccessorImpl.java:57)
	at sun.reflect.DelegatingMethodAccessorImpl.invoke(DelegatingMethodAccessorImpl.java:43)
	at java.lang.reflect.Method.invoke(Method.java:606)
	at org.testng.internal.MethodInvocationHelper.invokeMethod(MethodInvocationHelper.java:84)
	at org.testng.internal.Invoker.invokeConfigurationMethod(Invoker.java:564)
	at org.testng.internal.Invoker.invokeConfigurations(Invoker.java:213)
	at org.testng.internal.Invoker.invokeMethod(Invoker.java:653)
	at org.testng.internal.Invoker.invokeTestMethod(Invoker.java:901)
	at org.testng.internal.Invoker.invokeTestMethods(Invoker.java:1231)
	at org.testng.internal.TestMethodWorker.invokeTestMethods(TestMethodWorker.java:127)
	at org.testng.internal.TestMethodWorker.run(TestMethodWorker.java:111)
	at org.testng.TestRunner.privateRun(TestRunner.java:767)
	at org.testng.TestRunner.run(TestRunner.java:617)
	at org.testng.SuiteRunner.runTest(SuiteRunner.java:334)
	at org.testng.SuiteRunner.runSequentially(SuiteRunner.java:329)
	at org.testng.SuiteRunner.privateRun(SuiteRunner.java:291)
	at org.testng.SuiteRunner.run(SuiteRunner.java:240)
	at org.testng.SuiteRunnerWorker.runSuite(SuiteRunnerWorker.java:52)
	at org.testng.SuiteRunnerWorker.run(SuiteRunnerWorker.java:86)
	at org.testng.TestNG.runSuitesSequentially(TestNG.java:1224)
	at org.testng.TestNG.runSuitesLocally(TestNG.java:1149)
	at org.testng.TestNG.run(TestNG.java:1057)
	at org.apache.maven.surefire.testng.TestNGExecutor.run(TestNGExecutor.java:122)
	at org.apache.maven.surefire.testng.TestNGXmlTestSuite.execute(TestNGXmlTestSuite.java:92)
	at org.apache.maven.surefire.testng.TestNGProvider.invoke(TestNGProvider.java:101)
	at sun.reflect.NativeMethodAccessorImpl.invoke0(Native Method)
	at sun.reflect.NativeMethodAccessorImpl.invoke(NativeMethodAccessorImpl.java:57)
	at sun.reflect.DelegatingMethodAccessorImpl.invoke(DelegatingMethodAccessorImpl.java:43)
	at java.lang.reflect.Method.invoke(Method.java:606)
	at org.apache.maven.surefire.util.ReflectionUtils.invokeMethodWithArray(ReflectionUtils.java:164)
	at org.apache.maven.surefire.booter.ProviderFactory$ProviderProxy.invoke(ProviderFactory.java:110)
	at org.apache.maven.surefire.booter.SurefireStarter.invokeProvider(SurefireStarter.java:172)
	at org.apache.maven.surefire.booter.SurefireStarter.runSuitesInProcessWhenForked(SurefireStarter.java:104)
	at org.apache.maven.surefire.booter.ForkedBooter.main(ForkedBooter.java:70)
java.io.FileNotFoundException: loginCredentials.properties (No such file or directory)
	at java.io.FileInputStream.open(Native Method)
	at java.io.FileInputStream.&lt;init&gt;(FileInputStream.java:146)
	at java.io.FileInputStream.&lt;init&gt;(FileInputStream.java:101)
	at LRS2_0.Reader.timeouts(Reader.java:607)
	at LRS2_0.Reader.&lt;init&gt;(Reader.java:321)
	at LRS2_0.runTests.initTest(runTests.java:29)
	at sun.reflect.NativeMethodAccessorImpl.invoke0(Native Method)
	at sun.reflect.NativeMethodAccessorImpl.invoke(NativeMethodAccessorImpl.java:57)
	at sun.reflect.DelegatingMethodAccessorImpl.invoke(DelegatingMethodAccessorImpl.java:43)
	at java.lang.reflect.Method.invoke(Method.java:606)
	at org.testng.internal.MethodInvocationHelper.invokeMethod(MethodInvocationHelper.java:84)
	at org.testng.internal.Invoker.invokeConfigurationMethod(Invoker.java:564)
	at org.testng.internal.Invoker.invokeConfigurations(Invoker.java:213)
	at org.testng.internal.Invoker.invokeMethod(Invoker.java:653)
	at org.testng.internal.Invoker.invokeTestMethod(Invoker.java:901)
	at org.testng.internal.Invoker.invokeTestMethods(Invoker.java:1231)
	at org.testng.internal.TestMethodWorker.invokeTestMethods(TestMethodWorker.java:127)
	at org.testng.internal.TestMethodWorker.run(TestMethodWorker.java:111)
	at org.testng.TestRunner.privateRun(TestRunner.java:767)
	at org.testng.TestRunner.run(TestRunner.java:617)
	at org.testng.SuiteRunner.runTest(SuiteRunner.java:334)
	at org.testng.SuiteRunner.runSequentially(SuiteRunner.java:329)
	at org.testng.SuiteRunner.privateRun(SuiteRunner.java:291)
	at org.testng.SuiteRunner.run(SuiteRunner.java:240)
	at org.testng.SuiteRunnerWorker.runSuite(SuiteRunnerWorker.java:52)
	at org.testng.SuiteRunnerWorker.run(SuiteRunnerWorker.java:86)
	at org.testng.TestNG.runSuitesSequentially(TestNG.java:1224)
	at org.testng.TestNG.runSuitesLocally(TestNG.java:1149)
	at org.testng.TestNG.run(TestNG.java:1057)
	at org.apache.maven.surefire.testng.TestNGExecutor.run(TestNGExecutor.java:122)
	at org.apache.maven.surefire.testng.TestNGXmlTestSuite.execute(TestNGXmlTestSuite.java:92)
	at org.apache.maven.surefire.testng.TestNGProvider.invoke(TestNGProvider.java:101)
	at sun.reflect.NativeMethodAccessorImpl.invoke0(Native Method)
	at sun.reflect.NativeMethodAccessorImpl.invoke(NativeMethodAccessorImpl.java:57)
	at sun.reflect.DelegatingMethodAccessorImpl.invoke(DelegatingMethodAccessorImpl.java:43)
	at java.lang.reflect.Method.invoke(Method.java:606)
	at org.apache.maven.surefire.util.ReflectionUtils.invokeMethodWithArray(ReflectionUtils.java:164)
	at org.apache.maven.surefire.booter.ProviderFactory$ProviderProxy.invoke(ProviderFactory.java:110)
	at org.apache.maven.surefire.booter.SurefireStarter.invokeProvider(SurefireStarter.java:172)
	at org.apache.maven.surefire.booter.SurefireStarter.runSuitesInProcessWhenForked(SurefireStarter.java:104)
	at org.apache.maven.surefire.booter.ForkedBooter.main(ForkedBooter.java:70)
</system-err>
  </testcase>
  <testcase time="0" classname="LRS2_0.runTests" name="WEB_1257">
    <skipped/>
  </testcase>
  <testcase time="0" classname="LRS2_0.runTests" name="cleanupTest">
    <skipped/>
  </testcase>
  <testcase time="0" classname="LRS2_0.runTests" name="initTest">
    <skipped/>
  </testcase>
  <testcase time="0" classname="LRS2_0.runTests" name="WEB_1259">
    <skipped/>
  </testcase>
  <testcase time="0" classname="LRS2_0.runTests" name="cleanupTest">
    <skipped/>
  </testcase>
  <testcase time="0.001" classname="LRS2_0.runTests" name="initTest">
    <skipped/>
  </testcase>
  <testcase time="0" classname="LRS2_0.runTests" name="WEB_1260">
    <skipped/>
  </testcase>
  <testcase time="0" classname="LRS2_0.runTests" name="cleanupTest">
    <skipped/>
  </testcase>
  <testcase time="0.001" classname="LRS2_0.runTests" name="initTest">
    <skipped/>
  </testcase>
  <testcase time="0.001" classname="LRS2_0.runTests" name="WEB_1262">
    <skipped/>
  </testcase>
  <testcase time="0.001" classname="LRS2_0.runTests" name="cleanupTest">
    <skipped/>
  </testcase>
  <testcase time="0.002" classname="LRS2_0.runTests" name="initTest">
    <skipped/>
  </testcase>
  <testcase time="0.001" classname="LRS2_0.runTests" name="WEB_1263">
    <skipped/>
  </testcase>
  <testcase time="0.001" classname="LRS2_0.runTests" name="cleanupTest">
    <skipped/>
  </testcase>
  <testcase time="0.002" classname="LRS2_0.runTests" name="initTest">
    <skipped/>
  </testcase>
  <testcase time="0" classname="LRS2_0.runTests" name="WEB_1264">
    <skipped/>
  </testcase>
  <testcase time="0.001" classname="LRS2_0.runTests" name="cleanupTest">
    <skipped/>
  </testcase>
  <testcase time="0.002" classname="LRS2_0.runTests" name="initTest">
    <skipped/>
  </testcase>
  <testcase time="0" classname="LRS2_0.runTests" name="WEB_1273">
    <skipped/>
  </testcase>
  <testcase time="0.001" classname="LRS2_0.runTests" name="cleanupTest">
    <skipped/>
  </testcase>
  <testcase time="0.002" classname="LRS2_0.runTests" name="initTest">
    <skipped/>
  </testcase>
  <testcase time="0" classname="LRS2_0.runTests" name="WEB_1758">
    <skipped/>
  </testcase>
  <testcase time="0" classname="LRS2_0.runTests" name="cleanupTest">
    <skipped/>
  </testcase>
  <testcase time="0.002" classname="LRS2_0.runTests" name="initTest">
    <skipped/>
  </testcase>
  <testcase time="0" classname="LRS2_0.runTests" name="WEB_1759">
    <skipped/>
  </testcase>
  <testcase time="0" classname="LRS2_0.runTests" name="cleanupTest">
    <skipped/>
  </testcase>
  <testcase time="0.002" classname="LRS2_0.runTests" name="initTest">
    <skipped/>
  </testcase>
  <testcase time="0" classname="LRS2_0.runTests" name="WEB_1760">
    <skipped/>
  </testcase>
  <testcase time="0" classname="LRS2_0.runTests" name="cleanupTest">
    <skipped/>
  </testcase>
  <testcase time="0.002" classname="LRS2_0.runTests" name="initTest">
    <skipped/>
  </testcase>
  <testcase time="0" classname="LRS2_0.runTests" name="WEB_1762">
    <skipped/>
  </testcase>
  <testcase time="0.001" classname="LRS2_0.runTests" name="cleanupTest">
    <skipped/>
  </testcase>
</testsuite>